2023/06/18 11:31:58 - mmengine - INFO - 
------------------------------------------------------------
System environment:
    sys.platform: win32
    Python: 3.10.6 | packaged by conda-forge | (main, Oct 24 2022, 16:02:16) [MSC v.1916 64 bit (AMD64)]
    CUDA available: True
    numpy_random_seed: 0
    GPU 0: NVIDIA GeForce GTX 1650
    CUDA_HOME: C:\Program Files\NVIDIA GPU Computing Toolkit\CUDA\v11.2
    NVCC: Cuda compilation tools, release 11.2, V11.2.152
    GCC: n/a
    PyTorch: 1.12.1
    PyTorch compiling details: PyTorch built with:
  - C++ Version: 199711
  - MSVC 192829337
  - Intel(R) Math Kernel Library Version 2020.0.2 Product Build 20200624 for Intel(R) 64 architecture applications
  - Intel(R) MKL-DNN v2.6.0 (Git Hash 52b5f107dd9cf10910aaa19cb47f3abf9b349815)
  - OpenMP 2019
  - LAPACK is enabled (usually provided by MKL)
  - CPU capability usage: AVX2
  - CUDA Runtime 11.3
  - NVCC architecture flags: -gencode;arch=compute_37,code=sm_37;-gencode;arch=compute_50,code=sm_50;-gencode;arch=compute_60,code=sm_60;-gencode;arch=compute_61,code=sm_61;-gencode;arch=compute_70,code=sm_70;-gencode;arch=compute_75,code=sm_75;-gencode;arch=compute_80,code=sm_80;-gencode;arch=compute_86,code=sm_86;-gencode;arch=compute_37,code=compute_37
  - CuDNN 8.3.2  (built against CUDA 11.5)
  - Magma 2.5.4
  - Build settings: BLAS_INFO=mkl, BUILD_TYPE=Release, CUDA_VERSION=11.3, CUDNN_VERSION=8.3.2, CXX_COMPILER=C:/cb/pytorch_1000000000000/work/tmp_bin/sccache-cl.exe, CXX_FLAGS=/DWIN32 /D_WINDOWS /GR /EHsc /w /bigobj -DUSE_PTHREADPOOL -openmp:experimental -IC:/cb/pytorch_1000000000000/work/mkl/include -DNDEBUG -DUSE_KINETO -DLIBKINETO_NOCUPTI -DUSE_FBGEMM -DUSE_XNNPACK -DSYMBOLICATE_MOBILE_DEBUG_HANDLE -DEDGE_PROFILER_USE_KINETO, LAPACK_INFO=mkl, PERF_WITH_AVX=1, PERF_WITH_AVX2=1, PERF_WITH_AVX512=1, TORCH_VERSION=1.12.1, USE_CUDA=ON, USE_CUDNN=ON, USE_EXCEPTION_PTR=1, USE_GFLAGS=OFF, USE_GLOG=OFF, USE_MKL=ON, USE_MKLDNN=OFF, USE_MPI=OFF, USE_NCCL=OFF, USE_NNPACK=OFF, USE_OPENMP=ON, USE_ROCM=OFF, 

    TorchVision: 0.13.1
    OpenCV: 4.7.0
    MMEngine: 0.7.4

Runtime environment:
    cudnn_benchmark: True
    mp_cfg: {'mp_start_method': 'fork', 'opencv_num_threads': 0}
    dist_cfg: {'backend': 'nccl'}
    seed: 0
    Distributed launcher: none
    Distributed training: False
    GPU number: 1
------------------------------------------------------------

2023/06/18 11:31:59 - mmengine - INFO - Config:
norm_cfg = dict(type='BN', requires_grad=True)
data_preprocessor = dict(
    type='SegDataPreProcessor',
    mean=[123.675, 116.28, 103.53],
    std=[58.395, 57.12, 57.375],
    bgr_to_rgb=True,
    pad_val=0,
    seg_pad_val=255,
    size=(256, 256))
model = dict(
    type='EncoderDecoder',
    data_preprocessor=dict(
        type='SegDataPreProcessor',
        mean=[123.675, 116.28, 103.53],
        std=[58.395, 57.12, 57.375],
        bgr_to_rgb=True,
        pad_val=0,
        seg_pad_val=255,
        size=(256, 256)),
    pretrained=
    'F:/GitHub/OpenMMLab_MMSegmentation/OpenMMLab_MMSegmentation-main/mmsegmentation/pretrain/resnet50_v1c-2cccc1ad.pth',
    backbone=dict(
        type='ResNetV1c',
        depth=50,
        num_stages=4,
        out_indices=(0, 1, 2, 3),
        dilations=(1, 1, 2, 4),
        strides=(1, 2, 1, 1),
        norm_cfg=dict(type='BN', requires_grad=True),
        norm_eval=False,
        style='pytorch',
        contract_dilation=True),
    decode_head=dict(
        type='PSPHead',
        in_channels=2048,
        in_index=3,
        channels=512,
        pool_scales=(1, 2, 3, 6),
        dropout_ratio=0.1,
        num_classes=6,
        norm_cfg=dict(type='BN', requires_grad=True),
        align_corners=False,
        loss_decode=dict(
            type='CrossEntropyLoss', use_sigmoid=False, loss_weight=1.0)),
    auxiliary_head=dict(
        type='FCNHead',
        in_channels=1024,
        in_index=2,
        channels=256,
        num_convs=1,
        concat_input=False,
        dropout_ratio=0.1,
        num_classes=6,
        norm_cfg=dict(type='BN', requires_grad=True),
        align_corners=False,
        loss_decode=dict(
            type='CrossEntropyLoss', use_sigmoid=False, loss_weight=0.4)),
    train_cfg=dict(),
    test_cfg=dict(mode='whole'))
dataset_type = 'DubaiDataset'
data_root = ''
crop_size = (256, 256)
train_pipeline = [
    dict(type='LoadImageFromFile'),
    dict(type='LoadAnnotations'),
    dict(
        type='RandomResize',
        scale=(2048, 1024),
        ratio_range=(0.5, 2.0),
        keep_ratio=True),
    dict(type='RandomCrop', crop_size=(64, 64), cat_max_ratio=0.75),
    dict(type='RandomFlip', prob=0.5),
    dict(type='PhotoMetricDistortion'),
    dict(type='PackSegInputs')
]
test_pipeline = [
    dict(type='LoadImageFromFile'),
    dict(type='Resize', scale=(2048, 1024), keep_ratio=True),
    dict(type='LoadAnnotations'),
    dict(type='PackSegInputs')
]
img_ratios = [0.5, 0.75, 1.0, 1.25, 1.5, 1.75]
tta_pipeline = [
    dict(type='LoadImageFromFile', file_client_args=dict(backend='disk')),
    dict(
        type='TestTimeAug',
        transforms=[[{
            'type': 'Resize',
            'scale_factor': 0.5,
            'keep_ratio': True
        }, {
            'type': 'Resize',
            'scale_factor': 0.75,
            'keep_ratio': True
        }, {
            'type': 'Resize',
            'scale_factor': 1.0,
            'keep_ratio': True
        }, {
            'type': 'Resize',
            'scale_factor': 1.25,
            'keep_ratio': True
        }, {
            'type': 'Resize',
            'scale_factor': 1.5,
            'keep_ratio': True
        }, {
            'type': 'Resize',
            'scale_factor': 1.75,
            'keep_ratio': True
        }],
                    [{
                        'type': 'RandomFlip',
                        'prob': 0.0,
                        'direction': 'horizontal'
                    }, {
                        'type': 'RandomFlip',
                        'prob': 1.0,
                        'direction': 'horizontal'
                    }], [{
                        'type': 'LoadAnnotations'
                    }], [{
                        'type': 'PackSegInputs'
                    }]])
]
train_dataloader = dict(
    batch_size=4,
    num_workers=2,
    persistent_workers=True,
    sampler=dict(type='InfiniteSampler', shuffle=True),
    dataset=dict(
        type='DubaiDataset',
        data_root='',
        data_prefix=dict(
            img_path='data/img_dir/train', seg_map_path='data/ann_dir/train'),
        pipeline=[
            dict(type='LoadImageFromFile'),
            dict(type='LoadAnnotations'),
            dict(
                type='RandomResize',
                scale=(2048, 1024),
                ratio_range=(0.5, 2.0),
                keep_ratio=True),
            dict(type='RandomCrop', crop_size=(64, 64), cat_max_ratio=0.75),
            dict(type='RandomFlip', prob=0.5),
            dict(type='PhotoMetricDistortion'),
            dict(type='PackSegInputs')
        ]))
val_dataloader = dict(
    batch_size=1,
    num_workers=4,
    persistent_workers=True,
    sampler=dict(type='DefaultSampler', shuffle=False),
    dataset=dict(
        type='DubaiDataset',
        data_root='',
        data_prefix=dict(
            img_path='data/img_dir/val', seg_map_path='data/ann_dir/val'),
        pipeline=[
            dict(type='LoadImageFromFile'),
            dict(type='Resize', scale=(2048, 1024), keep_ratio=True),
            dict(type='LoadAnnotations'),
            dict(type='PackSegInputs')
        ]))
test_dataloader = dict(
    batch_size=1,
    num_workers=4,
    persistent_workers=True,
    sampler=dict(type='DefaultSampler', shuffle=False),
    dataset=dict(
        type='DubaiDataset',
        data_root='',
        data_prefix=dict(
            img_path='data/img_dir/val', seg_map_path='data/ann_dir/val'),
        pipeline=[
            dict(type='LoadImageFromFile'),
            dict(type='Resize', scale=(2048, 1024), keep_ratio=True),
            dict(type='LoadAnnotations'),
            dict(type='PackSegInputs')
        ]))
val_evaluator = dict(type='IoUMetric', iou_metrics=['mIoU'])
test_evaluator = dict(type='IoUMetric', iou_metrics=['mIoU'])
default_scope = 'mmseg'
env_cfg = dict(
    cudnn_benchmark=True,
    mp_cfg=dict(mp_start_method='fork', opencv_num_threads=0),
    dist_cfg=dict(backend='nccl'))
vis_backends = [dict(type='LocalVisBackend')]
visualizer = dict(
    type='SegLocalVisualizer',
    vis_backends=[dict(type='LocalVisBackend')],
    name='visualizer')
log_processor = dict(by_epoch=False)
log_level = 'INFO'
load_from = 'work_dirs/iter_300.pth'
resume = False
tta_model = dict(type='SegTTAModel')
optimizer = dict(type='SGD', lr=0.01, momentum=0.9, weight_decay=0.0005)
optim_wrapper = dict(
    type='OptimWrapper',
    optimizer=dict(type='SGD', lr=0.01, momentum=0.9, weight_decay=0.0005),
    clip_grad=None)
param_scheduler = [
    dict(
        type='PolyLR',
        eta_min=0.0001,
        power=0.9,
        begin=0,
        end=40000,
        by_epoch=False)
]
train_cfg = dict(type='IterBasedTrainLoop', max_iters=1000, val_interval=400)
val_cfg = dict(type='ValLoop')
test_cfg = dict(type='TestLoop')
default_hooks = dict(
    timer=dict(type='IterTimerHook'),
    logger=dict(type='LoggerHook', interval=50, log_metric_by_epoch=False),
    param_scheduler=dict(type='ParamSchedulerHook'),
    checkpoint=dict(
        type='CheckpointHook', by_epoch=False, interval=150, save_best='auto'),
    sampler_seed=dict(type='DistSamplerSeedHook'),
    visualization=dict(type='SegVisualizationHook'))
randomness = dict(seed=0)
work_dir = './work_dirs'
launcher = 'none'

2023/06/18 11:32:06 - mmengine - INFO - Distributed training is not used, all SyncBatchNorm (SyncBN) layers in the model will be automatically reverted to BatchNormXd layers if they are used.
2023/06/18 11:32:06 - mmengine - INFO - Hooks will be executed in the following order:
before_run:
(VERY_HIGH   ) RuntimeInfoHook                    
(BELOW_NORMAL) LoggerHook                         
 -------------------- 
before_train:
(VERY_HIGH   ) RuntimeInfoHook                    
(NORMAL      ) IterTimerHook                      
(VERY_LOW    ) CheckpointHook                     
 -------------------- 
before_train_epoch:
(VERY_HIGH   ) RuntimeInfoHook                    
(NORMAL      ) IterTimerHook                      
(NORMAL      ) DistSamplerSeedHook                
 -------------------- 
before_train_iter:
(VERY_HIGH   ) RuntimeInfoHook                    
(NORMAL      ) IterTimerHook                      
 -------------------- 
after_train_iter:
(VERY_HIGH   ) RuntimeInfoHook                    
(NORMAL      ) IterTimerHook                      
(NORMAL      ) SegVisualizationHook               
(BELOW_NORMAL) LoggerHook                         
(LOW         ) ParamSchedulerHook                 
(VERY_LOW    ) CheckpointHook                     
 -------------------- 
after_train_epoch:
(NORMAL      ) IterTimerHook                      
(LOW         ) ParamSchedulerHook                 
(VERY_LOW    ) CheckpointHook                     
 -------------------- 
before_val_epoch:
(NORMAL      ) IterTimerHook                      
 -------------------- 
before_val_iter:
(NORMAL      ) IterTimerHook                      
 -------------------- 
after_val_iter:
(NORMAL      ) IterTimerHook                      
(NORMAL      ) SegVisualizationHook               
(BELOW_NORMAL) LoggerHook                         
 -------------------- 
after_val_epoch:
(VERY_HIGH   ) RuntimeInfoHook                    
(NORMAL      ) IterTimerHook                      
(BELOW_NORMAL) LoggerHook                         
(LOW         ) ParamSchedulerHook                 
(VERY_LOW    ) CheckpointHook                     
 -------------------- 
after_train:
(VERY_LOW    ) CheckpointHook                     
 -------------------- 
before_test_epoch:
(NORMAL      ) IterTimerHook                      
 -------------------- 
before_test_iter:
(NORMAL      ) IterTimerHook                      
 -------------------- 
after_test_iter:
(NORMAL      ) IterTimerHook                      
(NORMAL      ) SegVisualizationHook               
(BELOW_NORMAL) LoggerHook                         
 -------------------- 
after_test_epoch:
(VERY_HIGH   ) RuntimeInfoHook                    
(NORMAL      ) IterTimerHook                      
(BELOW_NORMAL) LoggerHook                         
 -------------------- 
after_run:
(BELOW_NORMAL) LoggerHook                         
 -------------------- 
2023/06/18 11:32:07 - mmengine - WARNING - The prefix is not set in metric class IoUMetric.
2023/06/18 11:32:09 - mmengine - INFO - Load checkpoint from work_dirs/iter_300.pth
2023/06/18 11:32:45 - mmengine - INFO - per class results:
2023/06/18 11:32:45 - mmengine - INFO - 
+------------+-------+-------+
|   Class    |  IoU  |  Acc  |
+------------+-------+-------+
|    Land    |  77.8 |  97.9 |
|    Road    | 80.97 | 86.35 |
|  Building  |  1.75 |  1.76 |
| Vegetation | 27.76 | 28.62 |
|   Water    |  0.55 |  0.55 |
| Unlabeled  |  0.0  |  0.0  |
+------------+-------+-------+
2023/06/18 11:32:45 - mmengine - INFO - Iter(test) [11/11]    aAcc: 82.7700  mIoU: 31.4700  mAcc: 35.8600  data_time: 0.4224  time: 3.2784
